CONNECTED(00000003)
---
Certificate chain
 0 s:C = DE, ST = Berlin, L = Berlin, O = tarnbarford.net, OU = tarnbarford.net, CN = service1
   i:C = DE, ST = Berlin, L = Berlin, O = tarnbarford.net, OU = tarnbarford.net, CN = ca
   a:PKEY: id-ecPublicKey, 256 (bit); sigalg: ecdsa-with-SHA256
   v:NotBefore: Sep 13 10:35:21 2023 GMT; NotAfter: Sep 12 10:35:21 2024 GMT
 1 s:C = DE, ST = Berlin, L = Berlin, O = tarnbarford.net, OU = tarnbarford.net, CN = ca
   i:C = DE, ST = Berlin, L = Berlin, O = tarnbarford.net, OU = tarnbarford.net, CN = ca
   a:PKEY: id-ecPublicKey, 256 (bit); sigalg: ecdsa-with-SHA256
   v:NotBefore: Sep 13 10:35:12 2023 GMT; NotAfter: Sep 12 10:35:12 2024 GMT
---
Server certificate
-----BEGIN CERTIFICATE-----
MIIBzjCCAXQCAQEwCgYIKoZIzj0EAwIwcDELMAkGA1UEBhMCREUxDzANBgNVBAgM
BkJlcmxpbjEPMA0GA1UEBwwGQmVybGluMRgwFgYDVQQKDA90YXJuYmFyZm9yZC5u
ZXQxGDAWBgNVBAsMD3Rhcm5iYXJmb3JkLm5ldDELMAkGA1UEAwwCY2EwHhcNMjMw
OTEzMTAzNTIxWhcNMjQwOTEyMTAzNTIxWjB2MQswCQYDVQQGEwJERTEPMA0GA1UE
CAwGQmVybGluMQ8wDQYDVQQHDAZCZXJsaW4xGDAWBgNVBAoMD3Rhcm5iYXJmb3Jk
Lm5ldDEYMBYGA1UECwwPdGFybmJhcmZvcmQubmV0MREwDwYDVQQDDAhzZXJ2aWNl
MTBZMBMGByqGSM49AgEGCCqGSM49AwEHA0IABEQYFbn0GfwTw46VPvp7fBKrKouy
dZkI8gM1KcSCd7Z8M8VLD967hZpmHEZ581PcrhqAONc434rHfvilgV+c7AgwCgYI
KoZIzj0EAwIDSAAwRQIgdZMIQx77mkQNC2JTfqMfv0onZX2FT3HxvJypaxAr+F0C
IQC8FoHgT6gSDctJLr4NRhND5+khNB890JHG3l3bntoSIQ==
-----END CERTIFICATE-----
subject=C = DE, ST = Berlin, L = Berlin, O = tarnbarford.net, OU = tarnbarford.net, CN = service1
issuer=C = DE, ST = Berlin, L = Berlin, O = tarnbarford.net, OU = tarnbarford.net, CN = ca
---
Acceptable client certificate CA names
C = DE, ST = Berlin, L = Berlin, O = tarnbarford.net, OU = tarnbarford.net, CN = ca
Requested Signature Algorithms: ECDSA+SHA256:ECDSA+SHA384:ECDSA+SHA512:Ed25519:Ed448:RSA-PSS+SHA256:RSA-PSS+SHA384:RSA-PSS+SHA512:RSA-PSS+SHA256:RSA-PSS+SHA384:RSA-PSS+SHA512:RSA+SHA256:RSA+SHA384:RSA+SHA512:ECDSA+SHA224:RSA+SHA224
Shared Requested Signature Algorithms: ECDSA+SHA256:ECDSA+SHA384:ECDSA+SHA512:Ed25519:Ed448:RSA-PSS+SHA256:RSA-PSS+SHA384:RSA-PSS+SHA512:RSA-PSS+SHA256:RSA-PSS+SHA384:RSA-PSS+SHA512:RSA+SHA256:RSA+SHA384:RSA+SHA512
Peer signing digest: SHA256
Peer signature type: ECDSA
Server Temp Key: X25519, 253 bits
---
SSL handshake has read 1603 bytes and written 424 bytes
Verification: OK
---
New, TLSv1.3, Cipher is TLS_AES_256_GCM_SHA384
Server public key is 256 bit
Secure Renegotiation IS NOT supported
Compression: NONE
Expansion: NONE
No ALPN negotiated
Early data was not sent
Verify return code: 0 (ok)
---
